#-----------------------------------------------------------
# Vivado v2018.3 (64-bit)
# SW Build 2405991 on Thu Dec  6 23:38:27 MST 2018
# IP Build 2404404 on Fri Dec  7 01:43:56 MST 2018
# Start of session at: Tue Apr 30 12:45:40 2019
# Process ID: 7672
# Current directory: S:/Car_Dash/Car_Dash
# Command line: vivado.exe -gui_launcher_event rodinguilauncherevent11956 S:\Car_Dash\Car_Dash\Car_Dash.xpr
# Log file: S:/Car_Dash/Car_Dash/vivado.log
# Journal file: S:/Car_Dash/Car_Dash\vivado.jou
#-----------------------------------------------------------
start_guioopen_project S:/Car_Dash/Car_Dash/Car_Dash.xpr
INFO: [Project 1-313] Project file moved from 'S:/CS2204/Car_Dash/Car_Dash' since last save.
Scanning sources...
Finished scanning sources
INFO: [IP_Flow 19-234] Refreshing IP repositories
INFO: [IP_Flow 19-1704] No user IP repositories specified
INFO: [IP_Flow 19-2313] Loaded Vivado IP repository 'C:/Xilinx/Vivado/2018.3/data/ip'.oopen_project: Time (s): cpu = 00:00:26 ; elapsed = 00:00:13 . Memory (MB): peak = 828.008 ; gain = 215.051
update_compile_order -fileset sources_1
WARNING: [Common 17-9] Error reading message records.
countered:
1. Failed to delete one or more files in run directory S:/Car_Dash/Car_Dash/Car_Dash.runs/synth_1

launch_runs impl_1 -to_step write_bitstream -jobs 4
[Tue Apr 30 12:46:16 2019] Launched synth_1...
Run output will be captured here: S:/Car_Dash/Car_Dash/Car_Dash.runs/synth_1/runme.log
[Tue Apr 30 12:46:16 2019] Launched impl_1...
Run output will be captured here: S:/Car_Dash/Car_Dash/Car_Dash.runs/impl_1/runme.log
open_hw
connect_hw_server
INFO: [Labtools 27-2285] Connecting to hw_server url TCP:localhost:3121
INFO: [Labtools 27-2222] Launching hw_server...
INFO: [Labtools 27-2221] Launch Output:

****** Xilinx hw_server v2018.3
  **** Build date : Dec  7 2018-00:40:27
    ** Copyright 1986-2018 Xilinx, Inc. All Rights Reserved.


open_hw_target
INFO: [Labtoolstcl 44-466] Opening hw_target localhost:3121/xilinx_tcf/Digilent/210292709584A
set_property PROGRAM.FILE {S:/Car_Dash/Car_Dash/Car_Dash.runs/impl_1/main.bit} [get_hw_devices xc7a100t_0]
current_hw_device [get_hw_devices xc7a100t_0]
refresh_hw_device -update_hw_probes false [lindex [get_hw_devices xc7a100t_0] 0]
INFO: [Labtools 27-1434] Device xc7a100t (JTAG device index = 0) is programmed with a design that has no supported debug core(s) in it.
set_property PROBES.FILE {} [get_hw_devices xc7a100t_0]
set_property FULL_PROBES.FILE {} [get_hw_devices xc7a100t_0]
set_property PROGRAM.FILE {S:/Car_Dash/Car_Dash/Car_Dash.runs/impl_1/main.bit} [get_hw_devices xc7a100t_0]
program_hw_devices [get_hw_devices xc7a100t_0]
INFO: [Labtools 27-3164] End of startup status: HIGH
refresh_hw_device [lindex [get_hw_devices xc7a100t_0] 0]
INFO: [Labtools 27-1434] Device xc7a100t (JTAG device index = 0) is programmed with a design that has no supported debug core(s) in it.
ERROR: [Labtoolstcl 44-513] HW Target shutdown. Closing target: localhost:3121/xilinx_tcf/Digilent/210292709584A
INFO: [Labtoolstcl 44-466] Opening hw_target localhost:3121/xilinx_tcf/Digilent/210292709584A
INFO: [Labtools 27-1435] Device xc7a100t (JTAG device index = 0) is not programmed (DONE status = 0).
WARNING: [Labtoolstcl 44-129] No matching hw_ila_data was found.
set_property PROBES.FILE {} [get_hw_devices xc7a100t_0]
set_property FULL_PROBES.FILE {} [get_hw_devices xc7a100t_0]
set_property PROGRAM.FILE {S:/Car_Dash/Car_Dash/Car_Dash.runs/impl_1/main.bit} [get_hw_devices xc7a100t_0]
program_hw_devices [get_hw_devices xc7a100t_0]
INFO: [Labtools 27-3164] End of startup status: HIGH
refresh_hw_device [lindex [get_hw_devices xc7a100t_0] 0]
INFO: [Labtools 27-1434] Device xc7a100t (JTAG device index = 0) is programmed with a design that has no supported debug core(s) in it.
ERROR: [Labtoolstcl 44-513] HW Target shutdown. Closing target: localhost:3121/xilinx_tcf/Digilent/210292709584A
reset_run synth_1
WARNING: [Vivado 12-1017] Problems encountered:
1. Failed to delete one or more files in run directory S:/Car_Dash/Car_Dash/Car_Dash.runs/synth_1

launch_runs impl_1 -to_step write_bitstream -jobs 4
[Tue Apr 30 12:58:41 2019] Launched synth_1...
Run output will be captured here: S:/Car_Dash/Car_Dash/Car_Dash.runs/synth_1/runme.log
[Tue Apr 30 12:58:41 2019] Launched impl_1...
Run output will be captured here: S:/Car_Dash/Car_Dash/Car_Dash.runs/impl_1/runme.log
INFO: [Labtoolstcl 44-466] Opening hw_target localhost:3121/xilinx_tcf/Digilent/210292709584A
INFO: [Labtools 27-1435] Device xc7a100t (JTAG device index = 0) is not programmed (DONE status = 0).
WARNING: [Labtoolstcl 44-129] No matching hw_ila_data was found.
set_property PROBES.FILE {} [get_hw_devices xc7a100t_0]
set_property FULL_PROBES.FILE {} [get_hw_devices xc7a100t_0]
set_property PROGRAM.FILE {S:/Car_Dash/Car_Dash/Car_Dash.runs/impl_1/main.bit} [get_hw_devices xc7a100t_0]
program_hw_devices [get_hw_devices xc7a100t_0]
INFO: [Labtools 27-3164] End of startup status: HIGH
refresh_hw_device [lindex [get_hw_devices xc7a100t_0] 0]
INFO: [Labtools 27-1434] Device xc7a100t (JTAG device index = 0) is programmed with a design that has no supported debug core(s) in it.
ERROR: [Labtoolstcl 44-513] HW Target shutdown. Closing target: localhost:3121/xilinx_tcf/Digilent/210292709584A
reset_run synth_1
WARNING: [Vivado 12-1017] Problems encountered:
1. Failed to delete one or more files in run directory S:/Car_Dash/Car_Dash/Car_Dash.runs/synth_1

launch_runs impl_1 -to_step write_bitstream -jobs 4
[Tue Apr 30 13:27:49 2019] Launched synth_1...
Run output will be captured here: S:/Car_Dash/Car_Dash/Car_Dash.runs/synth_1/runme.log
[Tue Apr 30 13:27:49 2019] Launched impl_1...
Run output will be captured here: S:/Car_Dash/Car_Dash/Car_Dash.runs/impl_1/runme.log
reset_run synth_1
WARNING: [Vivado 12-1017] Problems encountered:
1. Failed to delete one or more files in run directory S:/Car_Dash/Car_Dash/Car_Dash.runs/synth_1

launch_runs impl_1 -to_step write_bitstream -jobs 4
[Tue Apr 30 13:29:08 2019] Launched synth_1...
Run output will be captured here: S:/Car_Dash/Car_Dash/Car_Dash.runs/synth_1/runme.log
[Tue Apr 30 13:29:08 2019] Launched impl_1...
Run output will be captured here: S:/Car_Dash/Car_Dash/Car_Dash.runs/impl_1/runme.log
INFO: [Labtoolstcl 44-466] Opening hw_target localhost:3121/xilinx_tcf/Digilent/210292709584A
INFO: [Labtools 27-1435] Device xc7a100t (JTAG device index = 0) is not programmed (DONE status = 0).
WARNING: [Labtoolstcl 44-129] No matching hw_ila_data was found.
set_property PROBES.FILE {} [get_hw_devices xc7a100t_0]
set_property FULL_PROBES.FILE {} [get_hw_devices xc7a100t_0]
set_property PROGRAM.FILE {S:/Car_Dash/Car_Dash/Car_Dash.runs/impl_1/main.bit} [get_hw_devices xc7a100t_0]
program_hw_devices [get_hw_devices xc7a100t_0]
INFO: [Labtools 27-3164] End of startup status: HIGH
refresh_hw_device [lindex [get_hw_devices xc7a100t_0] 0]
INFO: [Labtools 27-1434] Device xc7a100t (JTAG device index = 0) is programmed with a design that has no supported debug core(s) in it.
ERROR: [Labtoolstcl 44-513] HW Target shutdown. Closing target: localhost:3121/xilinx_tcf/Digilent/210292709584A
INFO: [Labtoolstcl 44-466] Opening hw_target localhost:3121/xilinx_tcf/Digilent/210292709584A
INFO: [Labtools 27-1435] Device xc7a100t (JTAG device index = 0) is not programmed (DONE status = 0).
WARNING: [Labtoolstcl 44-129] No matching hw_ila_data was found.
set_property PROBES.FILE {} [get_hw_devices xc7a100t_0]
set_property FULL_PROBES.FILE {} [get_hw_devices xc7a100t_0]
set_property PROGRAM.FILE {S:/Car_Dash/Car_Dash/Car_Dash.runs/impl_1/main.bit} [get_hw_devices xc7a100t_0]
program_hw_devices [get_hw_devices xc7a100t_0]
INFO: [Labtools 27-3164] End of startup status: HIGH
refresh_hw_device [lindex [get_hw_devices xc7a100t_0] 0]
INFO: [Labtools 27-1434] Device xc7a100t (JTAG device index = 0) is programmed with a design that has no supported debug core(s) in it.
ERROR: [Labtoolstcl 44-513] HW Target shutdown. Closing target: localhost:3121/xilinx_tcf/Digilent/210292709584A
INFO: [Labtoolstcl 44-466] Opening hw_target localhost:3121/xilinx_tcf/Digilent/210292709584A
INFO: [Labtools 27-1435] Device xc7a100t (JTAG device index = 0) is not programmed (DONE status = 0).
WARNING: [Labtoolstcl 44-129] No matching hw_ila_data was found.
set_property PROBES.FILE {} [get_hw_devices xc7a100t_0]
set_property FULL_PROBES.FILE {} [get_hw_devices xc7a100t_0]
set_property PROGRAM.FILE {S:/Car_Dash/Car_Dash/Car_Dash.runs/impl_1/main.bit} [get_hw_devices xc7a100t_0]
program_hw_devices [get_hw_devices xc7a100t_0]
INFO: [Labtools 27-3164] End of startup status: HIGH
refresh_hw_device [lindex [get_hw_devices xc7a100t_0] 0]
INFO: [Labtools 27-1434] Device xc7a100t (JTAG device index = 0) is programmed with a design that has no supported debug core(s) in it.
ERROR: [Labtoolstcl 44-513] HW Target shutdown. Closing target: localhost:3121/xilinx_tcf/Digilent/210292709584A
reset_run synth_1
WARNING: [Vivado 12-1017] Problems encountered:
1. Failed to delete one or more files in run directory S:/Car_Dash/Car_Dash/Car_Dash.runs/synth_1

launch_runs impl_1 -to_step write_bitstream -jobs 4
[Tue Apr 30 13:54:37 2019] Launched synth_1...
Run output will be captured here: S:/Car_Dash/Car_Dash/Car_Dash.runs/synth_1/runme.log
[Tue Apr 30 13:54:38 2019] Launched impl_1...
Run output will be captured here: S:/Car_Dash/Car_Dash/Car_Dash.runs/impl_1/runme.log
reset_run synth_1
WARNING: [Vivado 12-1017] Problems encountered:
1. Failed to delete one or more files in run directory S:/Car_Dash/Car_Dash/Car_Dash.runs/synth_1

launch_runs impl_1 -to_step write_bitstream -jobs 4
[Tue Apr 30 13:55:41 2019] Launched synth_1...
Run output will be captured here: S:/Car_Dash/Car_Dash/Car_Dash.runs/synth_1/runme.log
[Tue Apr 30 13:55:42 2019] Launched impl_1...
Run output will be captured here: S:/Car_Dash/Car_Dash/Car_Dash.runs/impl_1/runme.log
INFO: [Labtoolstcl 44-466] Opening hw_target localhost:3121/xilinx_tcf/Digilent/210292709584A
INFO: [Labtools 27-1435] Device xc7a100t (JTAG device index = 0) is not programmed (DONE status = 0).
WARNING: [Labtoolstcl 44-129] No matching hw_ila_data was found.
set_property PROBES.FILE {} [get_hw_devices xc7a100t_0]
set_property FULL_PROBES.FILE {} [get_hw_devices xc7a100t_0]
set_property PROGRAM.FILE {S:/Car_Dash/Car_Dash/Car_Dash.runs/impl_1/main.bit} [get_hw_devices xc7a100t_0]
program_hw_devices [get_hw_devices xc7a100t_0]
INFO: [Labtools 27-3164] End of startup status: HIGH
refresh_hw_device [lindex [get_hw_devices xc7a100t_0] 0]
INFO: [Labtools 27-1434] Device xc7a100t (JTAG device index = 0) is programmed with a design that has no supported debug core(s) in it.
ERROR: [Labtoolstcl 44-513] HW Target shutdown. Closing target: localhost:3121/xilinx_tcf/Digilent/210292709584A
exit
INFO: [Common 17-206] Exiting Vivado at Tue Apr 30 14:03:04 2019...
