#-----------------------------------------------------------
# Vivado v2018.3 (64-bit)
# SW Build 2405991 on Thu Dec  6 23:38:27 MST 2018
# IP Build 2404404 on Fri Dec  7 01:43:56 MST 2018
# Start of session at: Fri Apr 26 17:48:17 2019
# Process ID: 6456
# Current directory: S:/CS2204/Car_Dash/Car_Dash
# Command line: vivado.exe -gui_launcher_event rodinguilauncherevent12336 S:\CS2204\Car_Dash\Car_Dash\Car_Dash.xpr
# Log file: S:/CS2204/Car_Dash/Car_Dash/vivado.log
# Journal file: S:/CS2204/Car_Dash/Car_Dash\vivado.jou
#-----------------------------------------------------------
start_gui
open_project S:/CS2204/Car_Dash/Car_Dash/Car_Dash.xpr
Scanning sources...
Finished scanning sources
INFO: [IP_Flow 19-234] Refreshing IP repositories
INFO: [IP_Flow 19-1704] No user IP repositories specified
INFO: [IP_Flow 19-2313] Loaded Vivado IP repository 'C:/Xilinx/Vivado/2018.3/data/ip'.
open_project: Time (s): cpu = 00:00:15 ; elapsed = 00:00:07 . Memory (MB): peak = 789.836 ; gain = 165.945
update_compile_order -fileset sources_1
open_hw
connect_hw_server
INFO: [Labtools 27-2285] Connecting to hw_server url TCP:localhost:3121
ERROR: [Labtoolstcl 44-494] There is no active target available for server at localhost.
 Targets(s) ", jsn-Nexys4DDR-210292709667A" may be locked by another hw_server.
disconnect_hw_server localhost:3121
connect_hw_server
INFO: [Labtools 27-2285] Connecting to hw_server url TCP:localhost:3121
ERROR: [Labtoolstcl 44-494] There is no active target available for server at localhost.
 Targets(s) ", jsn-Nexys4DDR-210292709667A" may be locked by another hw_server.
close_hw
open_hw
connect_hw_server
INFO: [Labtools 27-2285] Connecting to hw_server url TCP:localhost:3121
ERROR: [Labtoolstcl 44-494] There is no active target available for server at localhost.
 Targets(s) ", jsn-Nexys4DDR-210292709667A" may be locked by another hw_server.
disconnect_hw_server localhost:3121
connect_hw_server
INFO: [Labtools 27-2285] Connecting to hw_server url TCP:localhost:3121
ERROR: [Labtoolstcl 44-494] There is no active target available for server at localhost.
 Targets(s) ", jsn-Nexys4DDR-210292709667A" may be locked by another hw_server.
disconnect_hw_server localhost:3121
connect_hw_server
INFO: [Labtools 27-2285] Connecting to hw_server url TCP:localhost:3121
open_hw_target
INFO: [Labtoolstcl 44-466] Opening hw_target localhost:3121/xilinx_tcf/Digilent/210292709667A
set_property PROGRAM.FILE {S:/CS2204/Car_Dash/Car_Dash/Car_Dash.runs/impl_1/moveAlive.bit} [get_hw_devices xc7a100t_0]
current_hw_device [get_hw_devices xc7a100t_0]
refresh_hw_device -update_hw_probes false [lindex [get_hw_devices xc7a100t_0] 0]
INFO: [Labtools 27-1434] Device xc7a100t (JTAG device index = 0) is programmed with a design that has no supported debug core(s) in it.
set_property PROBES.FILE {} [get_hw_devices xc7a100t_0]
set_property FULL_PROBES.FILE {} [get_hw_devices xc7a100t_0]
set_property PROGRAM.FILE {S:/CS2204/Car_Dash/Car_Dash/Car_Dash.runs/impl_1/moveAlive.bit} [get_hw_devices xc7a100t_0]
program_hw_devices [get_hw_devices xc7a100t_0]
INFO: [Labtools 27-3164] End of startup status: HIGH
refresh_hw_device [lindex [get_hw_devices xc7a100t_0] 0]
INFO: [Labtools 27-1434] Device xc7a100t (JTAG device index = 0) is programmed with a design that has no supported debug core(s) in it.
reset_run synth_1
ERROR: [Labtoolstcl 44-513] HW Target shutdown. Closing target: localhost:3121/xilinx_tcf/Digilent/210292709667A
INFO: [Labtoolstcl 44-466] Opening hw_target localhost:3121/xilinx_tcf/Digilent/210292709667A
INFO: [Labtools 27-1435] Device xc7a100t (JTAG device index = 0) is not programmed (DONE status = 0).
WARNING: [Labtoolstcl 44-129] No matching hw_ila_data was found.
launch_runs impl_1 -to_step write_bitstream -jobs 4
[Fri Apr 26 17:52:56 2019] Launched synth_1...
Run output will be captured here: S:/CS2204/Car_Dash/Car_Dash/Car_Dash.runs/synth_1/runme.log
[Fri Apr 26 17:52:56 2019] Launched impl_1...
Run output will be captured here: S:/CS2204/Car_Dash/Car_Dash/Car_Dash.runs/impl_1/runme.log
reset_run synth_1
reset_runs: Time (s): cpu = 00:00:00 ; elapsed = 00:00:10 . Memory (MB): peak = 1839.199 ; gain = 0.000
launch_runs impl_1 -to_step write_bitstream -jobs 4
[Fri Apr 26 17:56:52 2019] Launched synth_1...
Run output will be captured here: S:/CS2204/Car_Dash/Car_Dash/Car_Dash.runs/synth_1/runme.log
[Fri Apr 26 17:56:52 2019] Launched impl_1...
Run output will be captured here: S:/CS2204/Car_Dash/Car_Dash/Car_Dash.runs/impl_1/runme.log
reset_run synth_1
launch_runs impl_1 -to_step write_bitstream -jobs 4
[Fri Apr 26 17:57:48 2019] Launched synth_1...
Run output will be captured here: S:/CS2204/Car_Dash/Car_Dash/Car_Dash.runs/synth_1/runme.log
[Fri Apr 26 17:57:48 2019] Launched impl_1...
Run output will be captured here: S:/CS2204/Car_Dash/Car_Dash/Car_Dash.runs/impl_1/runme.log
add_files -norecurse S:/CS2204/Car_Dash/moveCar.v
update_compile_order -fileset sources_1
update_compile_order -fileset sources_1
set_property PROBES.FILE {} [get_hw_devices xc7a100t_0]
set_property FULL_PROBES.FILE {} [get_hw_devices xc7a100t_0]
set_property PROGRAM.FILE {S:/CS2204/Car_Dash/Car_Dash/Car_Dash.runs/impl_1/moveAlive.bit} [get_hw_devices xc7a100t_0]
program_hw_devices [get_hw_devices xc7a100t_0]
INFO: [Labtools 27-3164] End of startup status: HIGH
refresh_hw_device [lindex [get_hw_devices xc7a100t_0] 0]
INFO: [Labtools 27-1434] Device xc7a100t (JTAG device index = 0) is programmed with a design that has no supported debug core(s) in it.
update_compile_order -fileset sources_1
ERROR: [Labtoolstcl 44-513] HW Target shutdown. Closing target: localhost:3121/xilinx_tcf/Digilent/210292709667A
disconnect_hw_server localhost:3121
connect_hw_server
INFO: [Labtools 27-2285] Connecting to hw_server url TCP:localhost:3121
open_hw_target
INFO: [Labtoolstcl 44-466] Opening hw_target localhost:3121/xilinx_tcf/Digilent/210292709667A
ERROR: [Labtools 27-2269] No devices detected on target localhost:3121/xilinx_tcf/Digilent/210292709667A.
Check cable connectivity and that the target board is powered up then
use the disconnect_hw_server and connect_hw_server to re-register this hardware target.
ERROR: [Common 17-39] 'open_hw_target' failed due to earlier errors.
reset_run synth_1
launch_runs impl_1 -to_step write_bitstream -jobs 4
[Fri Apr 26 18:31:25 2019] Launched synth_1...
Run output will be captured here: S:/CS2204/Car_Dash/Car_Dash/Car_Dash.runs/synth_1/runme.log
[Fri Apr 26 18:31:25 2019] Launched impl_1...
Run output will be captured here: S:/CS2204/Car_Dash/Car_Dash/Car_Dash.runs/impl_1/runme.log
close_hw
open_hw
connect_hw_server
INFO: [Labtools 27-2285] Connecting to hw_server url TCP:localhost:3121
open_hw_target
INFO: [Labtoolstcl 44-466] Opening hw_target localhost:3121/xilinx_tcf/Digilent/210292709667A
set_property PROGRAM.FILE {S:/CS2204/Car_Dash/Car_Dash/Car_Dash.runs/impl_1/moveAlive.bit} [get_hw_devices xc7a100t_0]
current_hw_device [get_hw_devices xc7a100t_0]
refresh_hw_device -update_hw_probes false [lindex [get_hw_devices xc7a100t_0] 0]
INFO: [Labtools 27-1434] Device xc7a100t (JTAG device index = 0) is programmed with a design that has no supported debug core(s) in it.
set_property PROBES.FILE {} [get_hw_devices xc7a100t_0]
set_property FULL_PROBES.FILE {} [get_hw_devices xc7a100t_0]
set_property PROGRAM.FILE {S:/CS2204/Car_Dash/Car_Dash/Car_Dash.runs/impl_1/moveAlive.bit} [get_hw_devices xc7a100t_0]
program_hw_devices [get_hw_devices xc7a100t_0]
INFO: [Labtools 27-3164] End of startup status: HIGH
refresh_hw_device [lindex [get_hw_devices xc7a100t_0] 0]
INFO: [Labtools 27-1434] Device xc7a100t (JTAG device index = 0) is programmed with a design that has no supported debug core(s) in it.
add_files -norecurse S:/CS2204/Car_Dash/moveCarImmunity.v
update_compile_order -fileset sources_1
update_compile_order -fileset sources_1
add_files -norecurse {{S:/CS2204/Car_Dash/re/Formatting JSTK.v} S:/CS2204/Car_Dash/re/ssdCtrl.v S:/CS2204/Car_Dash/re/SPImode0.v S:/CS2204/Car_Dash/re/Binary_To_BCD.v S:/CS2204/Car_Dash/re/spiCtrl.v S:/CS2204/Car_Dash/re/PmodJSTK_Demo.v S:/CS2204/Car_Dash/re/PmodJSTK.v S:/CS2204/Car_Dash/re/ClkDiv_5Hz.v S:/CS2204/Car_Dash/re/ClkDiv_66_67kHz.v S:/CS2204/Car_Dash/re/formatting_buttons.v S:/CS2204/Car_Dash/re/format.v}
update_compile_order -fileset sources_1
export_ip_user_files -of_objects  [get_files {{S:/CS2204/Car_Dash/re/Formatting JSTK.v}}] -no_script -reset -force -quiet
export_ip_user_files -of_objects  [get_files S:/CS2204/Car_Dash/re/PmodJSTK.v] -no_script -reset -force -quiet
export_ip_user_files -of_objects  [get_files S:/CS2204/Car_Dash/re/ClkDiv_5Hz.v] -no_script -reset -force -quiet
export_ip_user_files -of_objects  [get_files S:/CS2204/Car_Dash/re/format.v] -no_script -reset -force -quiet
export_ip_user_files -of_objects  [get_files S:/CS2204/Car_Dash/re/formatting_buttons.v] -no_script -reset -force -quiet
remove_files  {{S:/CS2204/Car_Dash/re/Formatting JSTK.v} S:/CS2204/Car_Dash/re/PmodJSTK.v S:/CS2204/Car_Dash/re/ClkDiv_5Hz.v S:/CS2204/Car_Dash/re/format.v S:/CS2204/Car_Dash/re/formatting_buttons.v}
export_ip_user_files -of_objects  [get_files S:/CS2204/Car_Dash/re/PmodJSTK_Demo.v] -no_script -reset -force -quiet
export_ip_user_files -of_objects  [get_files S:/CS2204/Car_Dash/re/ssdCtrl.v] -no_script -reset -force -quiet
remove_files  {S:/CS2204/Car_Dash/re/PmodJSTK_Demo.v S:/CS2204/Car_Dash/re/ssdCtrl.v}
export_ip_user_files -of_objects  [get_files S:/CS2204/Car_Dash/re/Binary_To_BCD.v] -no_script -reset -force -quiet
export_ip_user_files -of_objects  [get_files S:/CS2204/Car_Dash/re/ClkDiv_66_67kHz.v] -no_script -reset -force -quiet
remove_files  {S:/CS2204/Car_Dash/re/Binary_To_BCD.v S:/CS2204/Car_Dash/re/ClkDiv_66_67kHz.v}
export_ip_user_files -of_objects  [get_files S:/CS2204/Car_Dash/re/spiCtrl.v] -no_script -reset -force -quiet
export_ip_user_files -of_objects  [get_files S:/CS2204/Car_Dash/re/SPImode0.v] -no_script -reset -force -quiet
remove_files  {S:/CS2204/Car_Dash/re/spiCtrl.v S:/CS2204/Car_Dash/re/SPImode0.v}
export_ip_user_files -of_objects  [get_files S:/CS2204/Car_Dash/Car_Dash/Car_Dash.srcs/sources_1/new/moveCheck.v] -no_script -reset -force -quiet
remove_files  S:/CS2204/Car_Dash/Car_Dash/Car_Dash.srcs/sources_1/new/moveCheck.v
add_files -norecurse {{S:/CS2204/Car_Dash/re/Formatting JSTK.v} S:/CS2204/Car_Dash/re/ssdCtrl.v S:/CS2204/Car_Dash/re/SPImode0.v S:/CS2204/Car_Dash/re/Binary_To_BCD.v S:/CS2204/Car_Dash/re/spiCtrl.v S:/CS2204/Car_Dash/re/PmodJSTK.v S:/CS2204/Car_Dash/re/formatting_buttons.v S:/CS2204/Car_Dash/re/ClkDiv_5Hz.v S:/CS2204/Car_Dash/re/ClkDiv_66_67kHz.v S:/CS2204/Car_Dash/re/format.v}
update_compile_order -fileset sources_1
WARNING: [filemgmt 56-199] Attempt to get parsing info during refresh. "On-the-fly" syntax checking information may be incorrect. [S:/CS2204/Car_Dash/Car_Dash/Car_Dash.srcs/sources_1/new/moveCheck.v:]
WARNING: [filemgmt 56-199] Attempt to get parsing info during refresh. "On-the-fly" syntax checking information may be incorrect. [S:/CS2204/Car_Dash/re/Formatting JSTK.v:]
WARNING: [filemgmt 56-199] Attempt to get parsing info during refresh. "On-the-fly" syntax checking information may be incorrect. [S:/CS2204/Car_Dash/moveCarImmunity.v:]
WARNING: [filemgmt 56-199] Attempt to get parsing info during refresh. "On-the-fly" syntax checking information may be incorrect. [S:/CS2204/Car_Dash/re/PmodJSTK_Demo.v:]
WARNING: [filemgmt 56-199] Attempt to get parsing info during refresh. "On-the-fly" syntax checking information may be incorrect. [S:/CS2204/Car_Dash/re/format.v:]
WARNING: [filemgmt 56-199] Attempt to get parsing info during refresh. "On-the-fly" syntax checking information may be incorrect. [S:/CS2204/Car_Dash/moveAlive.v:]
WARNING: [filemgmt 56-199] Attempt to get parsing info during refresh. "On-the-fly" syntax checking information may be incorrect. [S:/CS2204/Car_Dash/Car_Dash/Car_Dash.srcs/sources_1/new/moveCheck.v:]
WARNING: [filemgmt 56-199] Attempt to get parsing info during refresh. "On-the-fly" syntax checking information may be incorrect. [S:/CS2204/Car_Dash/re/Formatting JSTK.v:]
WARNING: [filemgmt 56-199] Attempt to get parsing info during refresh. "On-the-fly" syntax checking information may be incorrect. [S:/CS2204/Car_Dash/moveCarImmunity.v:]
WARNING: [filemgmt 56-199] Attempt to get parsing info during refresh. "On-the-fly" syntax checking information may be incorrect. [S:/CS2204/Car_Dash/re/PmodJSTK_Demo.v:]
WARNING: [filemgmt 56-199] Attempt to get parsing info during refresh. "On-the-fly" syntax checking information may be incorrect. [S:/CS2204/Car_Dash/re/format.v:]
WARNING: [filemgmt 56-199] Attempt to get parsing info during refresh. "On-the-fly" syntax checking information may be incorrect. [S:/CS2204/Car_Dash/moveAlive.v:]
WARNING: [filemgmt 56-199] Attempt to get parsing info during refresh. "On-the-fly" syntax checking information may be incorrect. [S:/CS2204/Car_Dash/Car_Dash/Car_Dash.srcs/sources_1/new/moveCheck.v:]
WARNING: [filemgmt 56-199] Attempt to get parsing info during refresh. "On-the-fly" syntax checking information may be incorrect. [S:/CS2204/Car_Dash/re/Formatting JSTK.v:]
WARNING: [filemgmt 56-199] Attempt to get parsing info during refresh. "On-the-fly" syntax checking information may be incorrect. [S:/CS2204/Car_Dash/moveCarImmunity.v:]
WARNING: [filemgmt 56-199] Attempt to get parsing info during refresh. "On-the-fly" syntax checking information may be incorrect. [S:/CS2204/Car_Dash/re/PmodJSTK_Demo.v:]
WARNING: [filemgmt 56-199] Attempt to get parsing info during refresh. "On-the-fly" syntax checking information may be incorrect. [S:/CS2204/Car_Dash/re/format.v:]
WARNING: [filemgmt 56-199] Attempt to get parsing info during refresh. "On-the-fly" syntax checking information may be incorrect. [S:/CS2204/Car_Dash/moveAlive.v:]
WARNING: [filemgmt 56-199] Attempt to get parsing info during refresh. "On-the-fly" syntax checking information may be incorrect. [S:/CS2204/Car_Dash/Car_Dash/Car_Dash.srcs/sources_1/new/moveCheck.v:]
WARNING: [filemgmt 56-199] Attempt to get parsing info during refresh. "On-the-fly" syntax checking information may be incorrect. [S:/CS2204/Car_Dash/re/Formatting JSTK.v:]
WARNING: [filemgmt 56-199] Attempt to get parsing info during refresh. "On-the-fly" syntax checking information may be incorrect. [S:/CS2204/Car_Dash/moveCarImmunity.v:]
WARNING: [filemgmt 56-199] Attempt to get parsing info during refresh. "On-the-fly" syntax checking information may be incorrect. [S:/CS2204/Car_Dash/re/PmodJSTK_Demo.v:]
WARNING: [filemgmt 56-199] Attempt to get parsing info during refresh. "On-the-fly" syntax checking information may be incorrect. [S:/CS2204/Car_Dash/re/format.v:]
WARNING: [filemgmt 56-199] Attempt to get parsing info during refresh. "On-the-fly" syntax checking information may be incorrect. [S:/CS2204/Car_Dash/moveAlive.v:]
WARNING: [filemgmt 56-199] Attempt to get parsing info during refresh. "On-the-fly" syntax checking information may be incorrect. [S:/CS2204/Car_Dash/Car_Dash/Car_Dash.srcs/sources_1/new/moveCheck.v:]
WARNING: [filemgmt 56-199] Attempt to get parsing info during refresh. "On-the-fly" syntax checking information may be incorrect. [S:/CS2204/Car_Dash/re/Formatting JSTK.v:]
WARNING: [filemgmt 56-199] Attempt to get parsing info during refresh. "On-the-fly" syntax checking information may be incorrect. [S:/CS2204/Car_Dash/moveCarImmunity.v:]
WARNING: [filemgmt 56-199] Attempt to get parsing info during refresh. "On-the-fly" syntax checking information may be incorrect. [S:/CS2204/Car_Dash/re/PmodJSTK_Demo.v:]
WARNING: [filemgmt 56-199] Attempt to get parsing info during refresh. "On-the-fly" syntax checking information may be incorrect. [S:/CS2204/Car_Dash/re/format.v:]
WARNING: [filemgmt 56-199] Attempt to get parsing info during refresh. "On-the-fly" syntax checking information may be incorrect. [S:/CS2204/Car_Dash/moveAlive.v:]
WARNING: [filemgmt 56-199] Attempt to get parsing info during refresh. "On-the-fly" syntax checking information may be incorrect. [S:/CS2204/Car_Dash/Car_Dash/Car_Dash.srcs/sources_1/new/moveCheck.v:]
WARNING: [filemgmt 56-199] Attempt to get parsing info during refresh. "On-the-fly" syntax checking information may be incorrect. [S:/CS2204/Car_Dash/re/Formatting JSTK.v:]
WARNING: [filemgmt 56-199] Attempt to get parsing info during refresh. "On-the-fly" syntax checking information may be incorrect. [S:/CS2204/Car_Dash/moveCarImmunity.v:]
WARNING: [filemgmt 56-199] Attempt to get parsing info during refresh. "On-the-fly" syntax checking information may be incorrect. [S:/CS2204/Car_Dash/re/PmodJSTK_Demo.v:]
WARNING: [filemgmt 56-199] Attempt to get parsing info during refresh. "On-the-fly" syntax checking information may be incorrect. [S:/CS2204/Car_Dash/re/format.v:]
WARNING: [filemgmt 56-199] Attempt to get parsing info during refresh. "On-the-fly" syntax checking information may be incorrect. [S:/CS2204/Car_Dash/moveAlive.v:]
WARNING: [filemgmt 56-199] Attempt to get parsing info during refresh. "On-the-fly" syntax checking information may be incorrect. [S:/CS2204/Car_Dash/Car_Dash/Car_Dash.srcs/sources_1/new/moveCheck.v:]
WARNING: [filemgmt 56-199] Attempt to get parsing info during refresh. "On-the-fly" syntax checking information may be incorrect. [S:/CS2204/Car_Dash/re/Formatting JSTK.v:]
WARNING: [filemgmt 56-199] Attempt to get parsing info during refresh. "On-the-fly" syntax checking information may be incorrect. [S:/CS2204/Car_Dash/moveCarImmunity.v:]
WARNING: [filemgmt 56-199] Attempt to get parsing info during refresh. "On-the-fly" syntax checking information may be incorrect. [S:/CS2204/Car_Dash/re/PmodJSTK_Demo.v:]
WARNING: [filemgmt 56-199] Attempt to get parsing info during refresh. "On-the-fly" syntax checking information may be incorrect. [S:/CS2204/Car_Dash/re/format.v:]
WARNING: [filemgmt 56-199] Attempt to get parsing info during refresh. "On-the-fly" syntax checking information may be incorrect. [S:/CS2204/Car_Dash/moveAlive.v:]
WARNING: [filemgmt 56-199] Attempt to get parsing info during refresh. "On-the-fly" syntax checking information may be incorrect. [S:/CS2204/Car_Dash/Car_Dash/Car_Dash.srcs/sources_1/new/moveCheck.v:]
WARNING: [filemgmt 56-199] Attempt to get parsing info during refresh. "On-the-fly" syntax checking information may be incorrect. [S:/CS2204/Car_Dash/re/Formatting JSTK.v:]
WARNING: [filemgmt 56-199] Attempt to get parsing info during refresh. "On-the-fly" syntax checking information may be incorrect. [S:/CS2204/Car_Dash/moveCarImmunity.v:]
WARNING: [filemgmt 56-199] Attempt to get parsing info during refresh. "On-the-fly" syntax checking information may be incorrect. [S:/CS2204/Car_Dash/re/PmodJSTK_Demo.v:]
WARNING: [filemgmt 56-199] Attempt to get parsing info during refresh. "On-the-fly" syntax checking information may be incorrect. [S:/CS2204/Car_Dash/re/format.v:]
WARNING: [filemgmt 56-199] Attempt to get parsing info during refresh. "On-the-fly" syntax checking information may be incorrect. [S:/CS2204/Car_Dash/moveAlive.v:]
WARNING: [filemgmt 56-199] Attempt to get parsing info during refresh. "On-the-fly" syntax checking information may be incorrect. [S:/CS2204/Car_Dash/Car_Dash/Car_Dash.srcs/sources_1/new/moveCheck.v:]
WARNING: [filemgmt 56-199] Attempt to get parsing info during refresh. "On-the-fly" syntax checking information may be incorrect. [S:/CS2204/Car_Dash/re/Formatting JSTK.v:]
WARNING: [filemgmt 56-199] Attempt to get parsing info during refresh. "On-the-fly" syntax checking information may be incorrect. [S:/CS2204/Car_Dash/moveCarImmunity.v:]
WARNING: [filemgmt 56-199] Attempt to get parsing info during refresh. "On-the-fly" syntax checking information may be incorrect. [S:/CS2204/Car_Dash/re/PmodJSTK_Demo.v:]
WARNING: [filemgmt 56-199] Attempt to get parsing info during refresh. "On-the-fly" syntax checking information may be incorrect. [S:/CS2204/Car_Dash/re/format.v:]
WARNING: [filemgmt 56-199] Attempt to get parsing info during refresh. "On-the-fly" syntax checking information may be incorrect. [S:/CS2204/Car_Dash/moveAlive.v:]
WARNING: [filemgmt 56-199] Attempt to get parsing info during refresh. "On-the-fly" syntax checking information may be incorrect. [S:/CS2204/Car_Dash/Car_Dash/Car_Dash.srcs/sources_1/new/moveCheck.v:]
WARNING: [filemgmt 56-199] Attempt to get parsing info during refresh. "On-the-fly" syntax checking information may be incorrect. [S:/CS2204/Car_Dash/re/Formatting JSTK.v:]
WARNING: [filemgmt 56-199] Attempt to get parsing info during refresh. "On-the-fly" syntax checking information may be incorrect. [S:/CS2204/Car_Dash/moveCarImmunity.v:]
WARNING: [filemgmt 56-199] Attempt to get parsing info during refresh. "On-the-fly" syntax checking information may be incorrect. [S:/CS2204/Car_Dash/re/PmodJSTK_Demo.v:]
WARNING: [filemgmt 56-199] Attempt to get parsing info during refresh. "On-the-fly" syntax checking information may be incorrect. [S:/CS2204/Car_Dash/re/format.v:]
WARNING: [filemgmt 56-199] Attempt to get parsing info during refresh. "On-the-fly" syntax checking information may be incorrect. [S:/CS2204/Car_Dash/moveAlive.v:]
WARNING: [filemgmt 56-199] Attempt to get parsing info during refresh. "On-the-fly" syntax checking information may be incorrect. [S:/CS2204/Car_Dash/Car_Dash/Car_Dash.srcs/sources_1/new/moveCheck.v:]
WARNING: [filemgmt 56-199] Attempt to get parsing info during refresh. "On-the-fly" syntax checking information may be incorrect. [S:/CS2204/Car_Dash/re/Formatting JSTK.v:]
WARNING: [filemgmt 56-199] Attempt to get parsing info during refresh. "On-the-fly" syntax checking information may be incorrect. [S:/CS2204/Car_Dash/moveCarImmunity.v:]
WARNING: [filemgmt 56-199] Attempt to get parsing info during refresh. "On-the-fly" syntax checking information may be incorrect. [S:/CS2204/Car_Dash/re/PmodJSTK_Demo.v:]
WARNING: [filemgmt 56-199] Attempt to get parsing info during refresh. "On-the-fly" syntax checking information may be incorrect. [S:/CS2204/Car_Dash/re/format.v:]
WARNING: [filemgmt 56-199] Attempt to get parsing info during refresh. "On-the-fly" syntax checking information may be incorrect. [S:/CS2204/Car_Dash/moveAlive.v:]
WARNING: [filemgmt 56-199] Attempt to get parsing info during refresh. "On-the-fly" syntax checking information may be incorrect. [S:/CS2204/Car_Dash/Car_Dash/Car_Dash.srcs/sources_1/new/moveCheck.v:]
WARNING: [filemgmt 56-199] Attempt to get parsing info during refresh. "On-the-fly" syntax checking information may be incorrect. [S:/CS2204/Car_Dash/re/Formatting JSTK.v:]
WARNING: [filemgmt 56-199] Attempt to get parsing info during refresh. "On-the-fly" syntax checking information may be incorrect. [S:/CS2204/Car_Dash/moveCarImmunity.v:]
WARNING: [filemgmt 56-199] Attempt to get parsing info during refresh. "On-the-fly" syntax checking information may be incorrect. [S:/CS2204/Car_Dash/re/PmodJSTK_Demo.v:]
WARNING: [filemgmt 56-199] Attempt to get parsing info during refresh. "On-the-fly" syntax checking information may be incorrect. [S:/CS2204/Car_Dash/re/format.v:]
WARNING: [filemgmt 56-199] Attempt to get parsing info during refresh. "On-the-fly" syntax checking information may be incorrect. [S:/CS2204/Car_Dash/moveAlive.v:]
WARNING: [filemgmt 56-199] Attempt to get parsing info during refresh. "On-the-fly" syntax checking information may be incorrect. [S:/CS2204/Car_Dash/Car_Dash/Car_Dash.srcs/sources_1/new/moveCheck.v:]
WARNING: [filemgmt 56-199] Attempt to get parsing info during refresh. "On-the-fly" syntax checking information may be incorrect. [S:/CS2204/Car_Dash/re/Formatting JSTK.v:]
WARNING: [filemgmt 56-199] Attempt to get parsing info during refresh. "On-the-fly" syntax checking information may be incorrect. [S:/CS2204/Car_Dash/moveCarImmunity.v:]
WARNING: [filemgmt 56-199] Attempt to get parsing info during refresh. "On-the-fly" syntax checking information may be incorrect. [S:/CS2204/Car_Dash/re/PmodJSTK_Demo.v:]
WARNING: [filemgmt 56-199] Attempt to get parsing info during refresh. "On-the-fly" syntax checking information may be incorrect. [S:/CS2204/Car_Dash/re/format.v:]
WARNING: [filemgmt 56-199] Attempt to get parsing info during refresh. "On-the-fly" syntax checking information may be incorrect. [S:/CS2204/Car_Dash/moveAlive.v:]
WARNING: [filemgmt 56-199] Attempt to get parsing info during refresh. "On-the-fly" syntax checking information may be incorrect. [S:/CS2204/Car_Dash/Car_Dash/Car_Dash.srcs/sources_1/new/moveCheck.v:]
WARNING: [filemgmt 56-199] Attempt to get parsing info during refresh. "On-the-fly" syntax checking information may be incorrect. [S:/CS2204/Car_Dash/re/Formatting JSTK.v:]
WARNING: [filemgmt 56-199] Attempt to get parsing info during refresh. "On-the-fly" syntax checking information may be incorrect. [S:/CS2204/Car_Dash/moveCarImmunity.v:]
WARNING: [filemgmt 56-199] Attempt to get parsing info during refresh. "On-the-fly" syntax checking information may be incorrect. [S:/CS2204/Car_Dash/re/PmodJSTK_Demo.v:]
WARNING: [filemgmt 56-199] Attempt to get parsing info during refresh. "On-the-fly" syntax checking information may be incorrect. [S:/CS2204/Car_Dash/re/format.v:]
WARNING: [filemgmt 56-199] Attempt to get parsing info during refresh. "On-the-fly" syntax checking information may be incorrect. [S:/CS2204/Car_Dash/moveAlive.v:]
WARNING: [filemgmt 56-199] Attempt to get parsing info during refresh. "On-the-fly" syntax checking information may be incorrect. [S:/CS2204/Car_Dash/Car_Dash/Car_Dash.srcs/sources_1/new/moveCheck.v:]
WARNING: [filemgmt 56-199] Attempt to get parsing info during refresh. "On-the-fly" syntax checking information may be incorrect. [S:/CS2204/Car_Dash/re/Formatting JSTK.v:]
WARNING: [filemgmt 56-199] Attempt to get parsing info during refresh. "On-the-fly" syntax checking information may be incorrect. [S:/CS2204/Car_Dash/moveCarImmunity.v:]
WARNING: [filemgmt 56-199] Attempt to get parsing info during refresh. "On-the-fly" syntax checking information may be incorrect. [S:/CS2204/Car_Dash/re/PmodJSTK_Demo.v:]
WARNING: [filemgmt 56-199] Attempt to get parsing info during refresh. "On-the-fly" syntax checking information may be incorrect. [S:/CS2204/Car_Dash/re/format.v:]
WARNING: [filemgmt 56-199] Attempt to get parsing info during refresh. "On-the-fly" syntax checking information may be incorrect. [S:/CS2204/Car_Dash/moveAlive.v:]
WARNING: [filemgmt 56-199] Attempt to get parsing info during refresh. "On-the-fly" syntax checking information may be incorrect. [S:/CS2204/Car_Dash/Car_Dash/Car_Dash.srcs/sources_1/new/moveCheck.v:]
WARNING: [filemgmt 56-199] Attempt to get parsing info during refresh. "On-the-fly" syntax checking information may be incorrect. [S:/CS2204/Car_Dash/re/Formatting JSTK.v:]
WARNING: [filemgmt 56-199] Attempt to get parsing info during refresh. "On-the-fly" syntax checking information may be incorrect. [S:/CS2204/Car_Dash/moveCarImmunity.v:]
WARNING: [filemgmt 56-199] Attempt to get parsing info during refresh. "On-the-fly" syntax checking information may be incorrect. [S:/CS2204/Car_Dash/re/PmodJSTK_Demo.v:]
WARNING: [filemgmt 56-199] Attempt to get parsing info during refresh. "On-the-fly" syntax checking information may be incorrect. [S:/CS2204/Car_Dash/re/format.v:]
WARNING: [filemgmt 56-199] Attempt to get parsing info during refresh. "On-the-fly" syntax checking information may be incorrect. [S:/CS2204/Car_Dash/moveAlive.v:]
WARNING: [filemgmt 56-199] Attempt to get parsing info during refresh. "On-the-fly" syntax checking information may be incorrect. [S:/CS2204/Car_Dash/Car_Dash/Car_Dash.srcs/sources_1/new/moveCheck.v:]
WARNING: [filemgmt 56-199] Attempt to get parsing info during refresh. "On-the-fly" syntax checking information may be incorrect. [S:/CS2204/Car_Dash/re/Formatting JSTK.v:]
WARNING: [filemgmt 56-199] Attempt to get parsing info during refresh. "On-the-fly" syntax checking information may be incorrect. [S:/CS2204/Car_Dash/moveCarImmunity.v:]
WARNING: [filemgmt 56-199] Attempt to get parsing info during refresh. "On-the-fly" syntax checking information may be incorrect. [S:/CS2204/Car_Dash/re/PmodJSTK_Demo.v:]
INFO: [Common 17-14] Message 'filemgmt 56-199' appears 100 times and further instances of the messages will be disabled. Use the Tcl command set_msg_config to change the current settings.
reset_run synth_1
launch_runs impl_1 -to_step write_bitstream -jobs 4
[Fri Apr 26 19:26:02 2019] Launched synth_1...
Run output will be captured here: S:/CS2204/Car_Dash/Car_Dash/Car_Dash.runs/synth_1/runme.log
[Fri Apr 26 19:26:02 2019] Launched impl_1...
Run output will be captured here: S:/CS2204/Car_Dash/Car_Dash/Car_Dash.runs/impl_1/runme.log
reset_run impl_1 -prev_step 
launch_runs impl_1 -to_step write_bitstream -jobs 4
WARNING: [Vivado 12-872] Run step 'Design Initialization' is out-of-date.
[Fri Apr 26 19:35:11 2019] Launched impl_1...
Run output will be captured here: S:/CS2204/Car_Dash/Car_Dash/Car_Dash.runs/impl_1/runme.log
reset_run impl_1 -prev_step 
reset_run synth_1
launch_runs impl_1 -jobs 4
[Fri Apr 26 19:35:34 2019] Launched synth_1...
Run output will be captured here: S:/CS2204/Car_Dash/Car_Dash/Car_Dash.runs/synth_1/runme.log
[Fri Apr 26 19:35:34 2019] Launched impl_1...
Run output will be captured here: S:/CS2204/Car_Dash/Car_Dash/Car_Dash.runs/impl_1/runme.log
open_run impl_1
INFO: [Netlist 29-17] Analyzing 141 Unisim elements for replacement
INFO: [Netlist 29-28] Unisim Transformation completed in 0 CPU seconds
INFO: [Project 1-479] Netlist was created with Vivado 2018.3
INFO: [Device 21-403] Loading part xc7a100tcsg324-1
INFO: [Project 1-570] Preparing netlist for logic optimization
INFO: [Timing 38-478] Restoring timing data from binary archive.
INFO: [Timing 38-479] Binary timing data restore complete.
INFO: [Project 1-856] Restoring constraints from binary archive.
INFO: [Project 1-853] Binary constraint restore complete.
Reading XDEF placement.
Reading placer database...
Reading XDEF routing.
Read XDEF File: Time (s): cpu = 00:00:00 ; elapsed = 00:00:00.170 . Memory (MB): peak = 2802.934 ; gain = 0.000
Restored from archive | CPU: 0.000000 secs | Memory: 0.000000 MB |
Finished XDEF File Restore: Time (s): cpu = 00:00:00 ; elapsed = 00:00:00.172 . Memory (MB): peak = 2802.934 ; gain = 0.000
Netlist sorting complete. Time (s): cpu = 00:00:00 ; elapsed = 00:00:00 . Memory (MB): peak = 2802.934 ; gain = 0.000
INFO: [Project 1-111] Unisim Transformation Summary:
No Unisim elements were transformed.

open_run: Time (s): cpu = 00:00:35 ; elapsed = 00:00:39 . Memory (MB): peak = 2985.699 ; gain = 551.824
WARNING: [Timing 38-313] There are no user specified timing constraints. Timing constraints are needed for proper timing analysis.
launch_runs impl_1 -to_step write_bitstream -jobs 4
[Fri Apr 26 19:42:34 2019] Launched impl_1...
Run output will be captured here: S:/CS2204/Car_Dash/Car_Dash/Car_Dash.runs/impl_1/runme.log
close_design
WARNING: [filemgmt 56-199] Attempt to get parsing info during refresh. "On-the-fly" syntax checking information may be incorrect. [S:/CS2204/Car_Dash/Car_Dash/Car_Dash.srcs/sources_1/new/moveCheck.v:]
WARNING: [filemgmt 56-199] Attempt to get parsing info during refresh. "On-the-fly" syntax checking information may be incorrect. [S:/CS2204/Car_Dash/re/Formatting JSTK.v:]
WARNING: [filemgmt 56-199] Attempt to get parsing info during refresh. "On-the-fly" syntax checking information may be incorrect. [S:/CS2204/Car_Dash/moveCarImmunity.v:]
WARNING: [filemgmt 56-199] Attempt to get parsing info during refresh. "On-the-fly" syntax checking information may be incorrect. [S:/CS2204/Car_Dash/re/PmodJSTK_Demo.v:]
WARNING: [filemgmt 56-199] Attempt to get parsing info during refresh. "On-the-fly" syntax checking information may be incorrect. [S:/CS2204/Car_Dash/gen_rand_seq.v:]
WARNING: [filemgmt 56-199] Attempt to get parsing info during refresh. "On-the-fly" syntax checking information may be incorrect. [S:/CS2204/Car_Dash/re/format.v:]
WARNING: [filemgmt 56-199] Attempt to get parsing info during refresh. "On-the-fly" syntax checking information may be incorrect. [S:/CS2204/Car_Dash/moveAlive.v:]
reset_run impl_1 -prev_step 
launch_runs impl_1 -to_step write_bitstream -jobs 4
WARNING: [Vivado 12-872] Run step 'Design Initialization' is out-of-date.
[Fri Apr 26 19:45:44 2019] Launched impl_1...
Run output will be captured here: S:/CS2204/Car_Dash/Car_Dash/Car_Dash.runs/impl_1/runme.log
reset_run synth_1
launch_runs synth_1 -jobs 4
[Fri Apr 26 19:46:43 2019] Launched synth_1...
Run output will be captured here: S:/CS2204/Car_Dash/Car_Dash/Car_Dash.runs/synth_1/runme.log
reset_run synth_1
launch_simulation
INFO: [Vivado 12-5682] Launching behavioral simulation in 'S:/CS2204/Car_Dash/Car_Dash/Car_Dash.sim/sim_1/behav/xsim'
INFO: [SIM-utils-51] Simulation object is 'sim_1'
INFO: [SIM-utils-54] Inspecting design source files for 'moveAlive' in fileset 'sim_1'...
INFO: [USF-XSim-97] Finding global include files...
INFO: [USF-XSim-98] Fetching design files from 'sim_1'...
INFO: [USF-XSim-2] XSim::Compile design
INFO: [USF-XSim-61] Executing 'COMPILE and ANALYZE' step in 'S:/CS2204/Car_Dash/Car_Dash/Car_Dash.sim/sim_1/behav/xsim'
"xvlog --incr --relax -prj moveAlive_vlog.prj"
INFO: [VRFC 10-2263] Analyzing Verilog file "S:/CS2204/Car_Dash/re/ClkDiv_5Hz.v" into library xil_defaultlib
INFO: [VRFC 10-311] analyzing module ClkDiv_5Hz
INFO: [VRFC 10-2263] Analyzing Verilog file "S:/CS2204/Car_Dash/re/ClkDiv_66_67kHz.v" into library xil_defaultlib
INFO: [VRFC 10-311] analyzing module ClkDiv_66_67kHz
INFO: [VRFC 10-2263] Analyzing Verilog file "S:/CS2204/Car_Dash/Car_Dash/Car_Dash.srcs/sources_1/new/LED_matrix.v" into library xil_defaultlib
INFO: [VRFC 10-311] analyzing module LED_matrix
INFO: [VRFC 10-2263] Analyzing Verilog file "S:/CS2204/Car_Dash/re/PmodJSTK.v" into library xil_defaultlib
INFO: [VRFC 10-311] analyzing module PmodJSTK
INFO: [VRFC 10-2263] Analyzing Verilog file "S:/CS2204/Car_Dash/re/SPImode0.v" into library xil_defaultlib
INFO: [VRFC 10-311] analyzing module spiMode0
INFO: [VRFC 10-2263] Analyzing Verilog file "S:/CS2204/Car_Dash/Car_Dash/Car_Dash.srcs/sources_1/new/clk_scale.v" into library xil_defaultlib
INFO: [VRFC 10-311] analyzing module clk_scale
INFO: [VRFC 10-2263] Analyzing Verilog file "S:/CS2204/Car_Dash/Car_Dash/Car_Dash.srcs/sources_1/new/counter_100M.v" into library xil_defaultlib
INFO: [VRFC 10-311] analyzing module counter_100M
INFO: [VRFC 10-2263] Analyzing Verilog file "S:/CS2204/Car_Dash/re/format.v" into library xil_defaultlib
INFO: [VRFC 10-311] analyzing module format
INFO: [VRFC 10-2263] Analyzing Verilog file "S:/CS2204/Car_Dash/gen_rand_seq.v" into library xil_defaultlib
INFO: [VRFC 10-311] analyzing module gen_rand_seq
INFO: [VRFC 10-2263] Analyzing Verilog file "S:/CS2204/Car_Dash/moveCarImmunity.v" into library xil_defaultlib
INFO: [VRFC 10-311] analyzing module moveCarImmunity
INFO: [VRFC 10-2263] Analyzing Verilog file "S:/CS2204/Car_Dash/re/spiCtrl.v" into library xil_defaultlib
INFO: [VRFC 10-311] analyzing module spiCtrl
INFO: [VRFC 10-2263] Analyzing Verilog file "S:/CS2204/Car_Dash/moveAlive.v" into library xil_defaultlib
INFO: [VRFC 10-311] analyzing module moveAlive
INFO: [USF-XSim-69] 'compile' step finished in '2' seconds
INFO: [USF-XSim-3] XSim::Elaborate design
INFO: [USF-XSim-61] Executing 'ELABORATE' step in 'S:/CS2204/Car_Dash/Car_Dash/Car_Dash.sim/sim_1/behav/xsim'
Vivado Simulator 2018.3
Copyright 1986-1999, 2001-2018 Xilinx, Inc. All Rights Reserved.
Running: C:/Xilinx/Vivado/2018.3/bin/unwrapped/win64.o/xelab.exe -wto 3d3b8403e0354f729f0a6d6285337f32 --incr --debug typical --relax --mt 2 -L xil_defaultlib -L unisims_ver -L unimacro_ver -L secureip --snapshot moveAlive_behav xil_defaultlib.moveAlive xil_defaultlib.glbl -log elaborate.log 
Using 2 slave threads.
Starting static elaboration
WARNING: [VRFC 10-3091] actual bit length 1 differs from formal bit length 6 for port 'nextRow' [S:/CS2204/Car_Dash/moveAlive.v:113]
WARNING: [VRFC 10-3091] actual bit length 1 differs from formal bit length 6 for port 'nextRow' [S:/CS2204/Car_Dash/moveAlive.v:114]
Completed static elaboration
Starting simulation data flow analysis
Completed simulation data flow analysis
Time Resolution for simulation is 1ps
Compiling module xil_defaultlib.clk_scale
Compiling module xil_defaultlib.gen_rand_seq
Compiling module xil_defaultlib.spiCtrl
Compiling module xil_defaultlib.spiMode0
Compiling module xil_defaultlib.ClkDiv_66_67kHz
Compiling module xil_defaultlib.PmodJSTK
Compiling module xil_defaultlib.ClkDiv_5Hz
Compiling module xil_defaultlib.format
Compiling module xil_defaultlib.moveCarImmunity
Compiling module xil_defaultlib.counter_100M
Compiling module xil_defaultlib.LED_matrix
Compiling module xil_defaultlib.moveAlive
Compiling module xil_defaultlib.glbl
Built simulation snapshot moveAlive_behav
run_program: Time (s): cpu = 00:00:00 ; elapsed = 00:00:06 . Memory (MB): peak = 3219.277 ; gain = 0.000
INFO: [USF-XSim-69] 'elaborate' step finished in '6' seconds
INFO: [USF-XSim-4] XSim::Simulate design
INFO: [USF-XSim-61] Executing 'SIMULATE' step in 'S:/CS2204/Car_Dash/Car_Dash/Car_Dash.sim/sim_1/behav/xsim'
INFO: [USF-XSim-98] *** Running xsim
   with args "moveAlive_behav -key {Behavioral:sim_1:Functional:moveAlive} -tclbatch {moveAlive.tcl} -log {simulate.log}"
INFO: [USF-XSim-8] Loading simulator feature
Vivado Simulator 2018.3
Time resolution is 1 ps
source moveAlive.tcl
# set curr_wave [current_wave_config]
# if { [string length $curr_wave] == 0 } {
#   if { [llength [get_objects]] > 0} {
#     add_wave /
#     set_property needs_save false [current_wave_config]
#   } else {
#      send_msg_id Add_Wave-1 WARNING "No top level signals found. Simulator will start without a wave window. If you want to open a wave window go to 'File->New Waveform Configuration' or type 'create_wave_config' in the TCL console."
#   }
# }
# run 1000ns

To Send matrix: in initial after transform
          1           1           1           1           1           1           1           1           1           1           1           1           1           1           1           1           1           1           1           1           1           1           1           1 
          0           0           0           0           0           0           0           0           0           0           0           0           0           0           0           0           0           0           0           0           0           0           0           0 
          0           0           0           0           0           0           0           0           0           0           0           0           0           0           0           0           0           0           0           0           0           0           0           0 
          0           0           0           0           0           0           0           0           0           0           0           0           0           0           0           0           0           0           0           0           0           0           0           0 
          0           0           0           0           0           0           0           0           0           0           0           0           0           0           0           0         100         100           0           0           0           0           0           0 
          0           0           0           0           0           0           0           0           0           0           0           0           0           0           0           0           0           0           0           0           0           0           0           0 
          0           0           0           0           0           0           0           0           0           0           0           0           0           0           0           0           0           0           0           0           0           0           0           0 
          1           1           1           1           1           1           1           1           1           1           1           1           1           1           1           1           1           1           1           1           1           1           1           1 
          1           1           1           1           1           1           1           1           1           1           1           1           1           1           1           1           1           1           1           1           1           1           1           1 
          0           0           0           0           0           0           0           0           0           0           0           0           0           0           0           0           0           0           0           0           0           0           0           0 
          0           0           0           0           0           0           0           0           0           0           0           0           0           0           0           0           0           0           0           0           0           0           0           0 
          0           0           0           0           0           0           0           0           0           0           0           0           0           0           0           0           0           0           0           0           0           0           0           0 
          0           0           0           0           0           0           0           0           0           0           0           0           0           0           0           0         100         100           0           0           0           0           0           0 
          0           0           0           0           0           0           0           0           0           0           0           0           0           0           0           0           0           0           0           0           0           0           0           0 
          0           0           0           0           0           0           0           0           0           0           0           0           0           0           0           0           0           0           0           0           0           0           0           0 
          1           1           1           1           1           1           1           1           1           1           1           1           1           1           1           1           1           1           1           1           1           1           1           1 
INFO: [USF-XSim-96] XSim completed. Design snapshot 'moveAlive_behav' loaded.
INFO: [USF-XSim-97] XSim simulation ran for 1000ns
launch_simulation: Time (s): cpu = 00:00:05 ; elapsed = 00:00:11 . Memory (MB): peak = 3219.277 ; gain = 0.000
close_sim
INFO: [Simtcl 6-16] Simulation closed
close_sim: Time (s): cpu = 00:00:03 ; elapsed = 00:00:06 . Memory (MB): peak = 3219.277 ; gain = 0.000
launch_simulation
INFO: [Vivado 12-5682] Launching behavioral simulation in 'S:/CS2204/Car_Dash/Car_Dash/Car_Dash.sim/sim_1/behav/xsim'
INFO: [SIM-utils-51] Simulation object is 'sim_1'
INFO: [SIM-utils-54] Inspecting design source files for 'moveAlive' in fileset 'sim_1'...
INFO: [USF-XSim-97] Finding global include files...
INFO: [USF-XSim-98] Fetching design files from 'sim_1'...
INFO: [USF-XSim-2] XSim::Compile design
INFO: [USF-XSim-61] Executing 'COMPILE and ANALYZE' step in 'S:/CS2204/Car_Dash/Car_Dash/Car_Dash.sim/sim_1/behav/xsim'
"xvlog --incr --relax -prj moveAlive_vlog.prj"
INFO: [VRFC 10-2263] Analyzing Verilog file "S:/CS2204/Car_Dash/re/ClkDiv_5Hz.v" into library xil_defaultlib
INFO: [VRFC 10-311] analyzing module ClkDiv_5Hz
INFO: [VRFC 10-2263] Analyzing Verilog file "S:/CS2204/Car_Dash/re/ClkDiv_66_67kHz.v" into library xil_defaultlib
INFO: [VRFC 10-311] analyzing module ClkDiv_66_67kHz
INFO: [VRFC 10-2263] Analyzing Verilog file "S:/CS2204/Car_Dash/Car_Dash/Car_Dash.srcs/sources_1/new/LED_matrix.v" into library xil_defaultlib
INFO: [VRFC 10-311] analyzing module LED_matrix
INFO: [VRFC 10-2263] Analyzing Verilog file "S:/CS2204/Car_Dash/re/PmodJSTK.v" into library xil_defaultlib
INFO: [VRFC 10-311] analyzing module PmodJSTK
INFO: [VRFC 10-2263] Analyzing Verilog file "S:/CS2204/Car_Dash/re/SPImode0.v" into library xil_defaultlib
INFO: [VRFC 10-311] analyzing module spiMode0
INFO: [VRFC 10-2263] Analyzing Verilog file "S:/CS2204/Car_Dash/Car_Dash/Car_Dash.srcs/sources_1/new/clk_scale.v" into library xil_defaultlib
INFO: [VRFC 10-311] analyzing module clk_scale
INFO: [VRFC 10-2263] Analyzing Verilog file "S:/CS2204/Car_Dash/Car_Dash/Car_Dash.srcs/sources_1/new/counter_100M.v" into library xil_defaultlib
INFO: [VRFC 10-311] analyzing module counter_100M
INFO: [VRFC 10-2263] Analyzing Verilog file "S:/CS2204/Car_Dash/re/format.v" into library xil_defaultlib
INFO: [VRFC 10-311] analyzing module format
INFO: [VRFC 10-2263] Analyzing Verilog file "S:/CS2204/Car_Dash/gen_rand_seq.v" into library xil_defaultlib
INFO: [VRFC 10-311] analyzing module gen_rand_seq
INFO: [VRFC 10-2263] Analyzing Verilog file "S:/CS2204/Car_Dash/moveCarImmunity.v" into library xil_defaultlib
INFO: [VRFC 10-311] analyzing module moveCarImmunity
INFO: [VRFC 10-2263] Analyzing Verilog file "S:/CS2204/Car_Dash/re/spiCtrl.v" into library xil_defaultlib
INFO: [VRFC 10-311] analyzing module spiCtrl
INFO: [VRFC 10-2263] Analyzing Verilog file "S:/CS2204/Car_Dash/moveAlive.v" into library xil_defaultlib
INFO: [VRFC 10-311] analyzing module moveAlive
INFO: [USF-XSim-69] 'compile' step finished in '2' seconds
INFO: [USF-XSim-3] XSim::Elaborate design
INFO: [USF-XSim-61] Executing 'ELABORATE' step in 'S:/CS2204/Car_Dash/Car_Dash/Car_Dash.sim/sim_1/behav/xsim'
Vivado Simulator 2018.3
Copyright 1986-1999, 2001-2018 Xilinx, Inc. All Rights Reserved.
Running: C:/Xilinx/Vivado/2018.3/bin/unwrapped/win64.o/xelab.exe -wto 3d3b8403e0354f729f0a6d6285337f32 --incr --debug typical --relax --mt 2 -L xil_defaultlib -L unisims_ver -L unimacro_ver -L secureip --snapshot moveAlive_behav xil_defaultlib.moveAlive xil_defaultlib.glbl -log elaborate.log 
Using 2 slave threads.
Starting static elaboration
WARNING: [VRFC 10-3091] actual bit length 1 differs from formal bit length 6 for port 'nextRow' [S:/CS2204/Car_Dash/moveAlive.v:113]
WARNING: [VRFC 10-3091] actual bit length 1 differs from formal bit length 6 for port 'nextRow' [S:/CS2204/Car_Dash/moveAlive.v:114]
Completed static elaboration
Starting simulation data flow analysis
Completed simulation data flow analysis
Time Resolution for simulation is 1ps
Compiling module xil_defaultlib.clk_scale
Compiling module xil_defaultlib.gen_rand_seq
Compiling module xil_defaultlib.spiCtrl
Compiling module xil_defaultlib.spiMode0
Compiling module xil_defaultlib.ClkDiv_66_67kHz
Compiling module xil_defaultlib.PmodJSTK
Compiling module xil_defaultlib.ClkDiv_5Hz
Compiling module xil_defaultlib.format
Compiling module xil_defaultlib.moveCarImmunity
Compiling module xil_defaultlib.counter_100M
Compiling module xil_defaultlib.LED_matrix
Compiling module xil_defaultlib.moveAlive
Compiling module xil_defaultlib.glbl
Built simulation snapshot moveAlive_behav
run_program: Time (s): cpu = 00:00:00 ; elapsed = 00:00:06 . Memory (MB): peak = 3219.277 ; gain = 0.000
INFO: [USF-XSim-69] 'elaborate' step finished in '5' seconds
INFO: [USF-XSim-4] XSim::Simulate design
INFO: [USF-XSim-61] Executing 'SIMULATE' step in 'S:/CS2204/Car_Dash/Car_Dash/Car_Dash.sim/sim_1/behav/xsim'
INFO: [USF-XSim-98] *** Running xsim
   with args "moveAlive_behav -key {Behavioral:sim_1:Functional:moveAlive} -tclbatch {moveAlive.tcl} -log {simulate.log}"
INFO: [USF-XSim-8] Loading simulator feature
Vivado Simulator 2018.3
Time resolution is 1 ps
source moveAlive.tcl
# set curr_wave [current_wave_config]
# if { [string length $curr_wave] == 0 } {
#   if { [llength [get_objects]] > 0} {
#     add_wave /
#     set_property needs_save false [current_wave_config]
#   } else {
#      send_msg_id Add_Wave-1 WARNING "No top level signals found. Simulator will start without a wave window. If you want to open a wave window go to 'File->New Waveform Configuration' or type 'create_wave_config' in the TCL console."
#   }
# }
# run 1000ns

To Send matrix: in initial after transform
          1           1           1           1           1           1           1           1           1           1           1           1           1           1           1           1           1           1           1           1           1           1           1           1 
          0           0           0           0           0           0           0           0           0           0           0           0           0           0           0           0           0           0           0           0           0           0           0           0 
          0           0           0           0           0           0           0           0           0           0           0           0           0           0           0           0           0           0           0           0           0           0           0           0 
          0           0           0           0           0           0           0           0           0           0           0           0           0           0           0           0           0           0           0           0           0           0           0           0 
          0           0           0           0           0           0           0           0           0           0           0           0           0           0           0           0         100         100           0           0           0           0           0           0 
          0           0           0           0           0           0           0           0           0           0           0           0           0           0           0           0           0           0           0           0           0           0           0           0 
          0           0           0           0           0           0           0           0           0           0           0           0           0           0           0           0           0           0           0           0           0           0           0           0 
          1           1           1           1           1           1           1           1           1           1           1           1           1           1           1           1           1           1           1           1           1           1           1           1 
          1           1           1           1           1           1           1           1           1           1           1           1           1           1           1           1           1           1           1           1           1           1           1           1 
          0           0           0           0           0           0           0           0           0           0           0           0           0           0           0           0           0           0           0           0           0           0           0           0 
          0           0           0           0           0           0           0           0           0           0           0           0           0           0           0           0           0           0           0           0           0           0           0           0 
          0           0           0           0           0           0           0           0           0           0           0           0           0           0           0           0           0           0           0           0           0           0           0           0 
          0           0           0           0           0           0           0           0           0           0           0           0           0           0           0           0         100         100           0           0           0           0           0           0 
          0           0           0           0           0           0           0           0           0           0           0           0           0           0           0           0           0           0           0           0           0           0           0           0 
          0           0           0           0           0           0           0           0           0           0           0           0           0           0           0           0           0           0           0           0           0           0           0           0 
          1           1           1           1           1           1           1           1           1           1           1           1           1           1           1           1           1           1           1           1           1           1           1           1 
INFO: [USF-XSim-96] XSim completed. Design snapshot 'moveAlive_behav' loaded.
INFO: [USF-XSim-97] XSim simulation ran for 1000ns
launch_simulation: Time (s): cpu = 00:00:03 ; elapsed = 00:00:12 . Memory (MB): peak = 3219.277 ; gain = 0.000
add_force {/moveAlive/clk} -radix hex {1 0ns} {0 50000ps} -repeat_every 100000ps
close_sim
INFO: [Simtcl 6-16] Simulation closed
close_sim: Time (s): cpu = 00:00:02 ; elapsed = 00:00:05 . Memory (MB): peak = 3219.277 ; gain = 0.000
ERROR: [Labtoolstcl 44-513] HW Target shutdown. Closing target: localhost:3121/xilinx_tcf/Digilent/210292709667A
launch_runs impl_1 -to_step write_bitstream -jobs 4
[Fri Apr 26 20:24:27 2019] Launched synth_1...
Run output will be captured here: S:/CS2204/Car_Dash/Car_Dash/Car_Dash.runs/synth_1/runme.log
[Fri Apr 26 20:24:27 2019] Launched impl_1...
Run output will be captured here: S:/CS2204/Car_Dash/Car_Dash/Car_Dash.runs/impl_1/runme.log
reset_run synth_1
update_files -from_files S:/CS2204/Car_Dash/Main.v -to_files S:/CS2204/Car_Dash/moveAlive.v -filesets [get_filesets *]
INFO: [filemgmt 20-762] Replacing file 'S:/CS2204/Car_Dash/moveAlive.v' with file 'S:/CS2204/Car_Dash/Main.v'.
update_compile_order -fileset sources_1
update_compile_order -fileset sources_1
launch_runs impl_1 -to_step write_bitstream -jobs 4
[Fri Apr 26 20:26:59 2019] Launched synth_1...
Run output will be captured here: S:/CS2204/Car_Dash/Car_Dash/Car_Dash.runs/synth_1/runme.log
[Fri Apr 26 20:26:59 2019] Launched impl_1...
Run output will be captured here: S:/CS2204/Car_Dash/Car_Dash/Car_Dash.runs/impl_1/runme.log
set_property is_enabled false [get_files  S:/CS2204/Car_Dash/moveCar.v]
set_property is_enabled false [get_files  S:/CS2204/Car_Dash/re/ssdCtrl.v]
set_property is_enabled false [get_files  S:/CS2204/Car_Dash/re/Binary_To_BCD.v]
reset_run synth_1
launch_runs impl_1 -to_step write_bitstream -jobs 4
[Fri Apr 26 20:45:01 2019] Launched synth_1...
Run output will be captured here: S:/CS2204/Car_Dash/Car_Dash/Car_Dash.runs/synth_1/runme.log
[Fri Apr 26 20:45:01 2019] Launched impl_1...
Run output will be captured here: S:/CS2204/Car_Dash/Car_Dash/Car_Dash.runs/impl_1/runme.log
reset_run synth_1
launch_runs impl_1 -to_step write_bitstream -jobs 4
[Fri Apr 26 21:13:08 2019] Launched synth_1...
Run output will be captured here: S:/CS2204/Car_Dash/Car_Dash/Car_Dash.runs/synth_1/runme.log
[Fri Apr 26 21:13:08 2019] Launched impl_1...
Run output will be captured here: S:/CS2204/Car_Dash/Car_Dash/Car_Dash.runs/impl_1/runme.log
open_run impl_1
INFO: [Netlist 29-17] Analyzing 144 Unisim elements for replacement
INFO: [Netlist 29-28] Unisim Transformation completed in 0 CPU seconds
INFO: [Project 1-479] Netlist was created with Vivado 2018.3
INFO: [Project 1-570] Preparing netlist for logic optimization
INFO: [Timing 38-478] Restoring timing data from binary archive.
INFO: [Timing 38-479] Binary timing data restore complete.
INFO: [Project 1-856] Restoring constraints from binary archive.
INFO: [Project 1-853] Binary constraint restore complete.
Reading XDEF placement.
Reading placer database...
Reading XDEF routing.
Read XDEF File: Time (s): cpu = 00:00:00 ; elapsed = 00:00:00.175 . Memory (MB): peak = 3906.762 ; gain = 0.000
Restored from archive | CPU: 0.000000 secs | Memory: 0.000000 MB |
Finished XDEF File Restore: Time (s): cpu = 00:00:00 ; elapsed = 00:00:00.177 . Memory (MB): peak = 3906.762 ; gain = 0.000
Netlist sorting complete. Time (s): cpu = 00:00:00 ; elapsed = 00:00:00 . Memory (MB): peak = 3906.762 ; gain = 0.000
INFO: [Project 1-111] Unisim Transformation Summary:
No Unisim elements were transformed.

WARNING: [Timing 38-313] There are no user specified timing constraints. Timing constraints are needed for proper timing analysis.
INFO: [Labtoolstcl 44-466] Opening hw_target localhost:3121/xilinx_tcf/Digilent/210292709667A
INFO: [Labtools 27-1435] Device xc7a100t (JTAG device index = 0) is not programmed (DONE status = 0).
WARNING: [Labtoolstcl 44-129] No matching hw_ila_data was found.
reset_run impl_1 -prev_step 
launch_runs impl_1 -to_step write_bitstream -jobs 4
[Fri Apr 26 21:20:31 2019] Launched impl_1...
Run output will be captured here: S:/CS2204/Car_Dash/Car_Dash/Car_Dash.runs/impl_1/runme.log
close_hw
open_hw
connect_hw_server
INFO: [Labtools 27-2285] Connecting to hw_server url TCP:localhost:3121
INFO: [Labtools 27-2222] Launching hw_server...
INFO: [Labtools 27-2221] Launch Output:

****** Xilinx hw_server v2018.3
  **** Build date : Dec  7 2018-00:40:27
    ** Copyright 1986-2018 Xilinx, Inc. All Rights Reserved.


open_hw_target
INFO: [Labtoolstcl 44-466] Opening hw_target localhost:3121/xilinx_tcf/Digilent/210292709667A
set_property PROGRAM.FILE {S:/CS2204/Car_Dash/Car_Dash/Car_Dash.runs/impl_1/main.bit} [get_hw_devices xc7a100t_0]
current_hw_device [get_hw_devices xc7a100t_0]
refresh_hw_device -update_hw_probes false [lindex [get_hw_devices xc7a100t_0] 0]
INFO: [Labtools 27-1435] Device xc7a100t (JTAG device index = 0) is not programmed (DONE status = 0).
set_property PROBES.FILE {} [get_hw_devices xc7a100t_0]
set_property FULL_PROBES.FILE {} [get_hw_devices xc7a100t_0]
set_property PROGRAM.FILE {S:/CS2204/Car_Dash/Car_Dash/Car_Dash.runs/impl_1/main.bit} [get_hw_devices xc7a100t_0]
program_hw_devices [get_hw_devices xc7a100t_0]
INFO: [Labtools 27-3164] End of startup status: HIGH
refresh_hw_device [lindex [get_hw_devices xc7a100t_0] 0]
INFO: [Labtools 27-1434] Device xc7a100t (JTAG device index = 0) is programmed with a design that has no supported debug core(s) in it.
reset_run synth_1
launch_runs impl_1 -to_step write_bitstream -jobs 4
[Fri Apr 26 21:36:29 2019] Launched synth_1...
Run output will be captured here: S:/CS2204/Car_Dash/Car_Dash/Car_Dash.runs/synth_1/runme.log
[Fri Apr 26 21:36:29 2019] Launched impl_1...
Run output will be captured here: S:/CS2204/Car_Dash/Car_Dash/Car_Dash.runs/impl_1/runme.log
reset_run synth_1
launch_runs impl_1 -to_step write_bitstream -jobs 4
[Fri Apr 26 21:38:52 2019] Launched synth_1...
Run output will be captured here: S:/CS2204/Car_Dash/Car_Dash/Car_Dash.runs/synth_1/runme.log
[Fri Apr 26 21:38:53 2019] Launched impl_1...
Run output will be captured here: S:/CS2204/Car_Dash/Car_Dash/Car_Dash.runs/impl_1/runme.log
ERROR: [Labtoolstcl 44-513] HW Target shutdown. Closing target: localhost:3121/xilinx_tcf/Digilent/210292709667A
INFO: [Labtoolstcl 44-466] Opening hw_target localhost:3121/xilinx_tcf/Digilent/210292709667A
INFO: [Labtools 27-1435] Device xc7a100t (JTAG device index = 0) is not programmed (DONE status = 0).
WARNING: [Labtoolstcl 44-129] No matching hw_ila_data was found.
set_property PROBES.FILE {} [get_hw_devices xc7a100t_0]
set_property FULL_PROBES.FILE {} [get_hw_devices xc7a100t_0]
set_property PROGRAM.FILE {S:/CS2204/Car_Dash/Car_Dash/Car_Dash.runs/impl_1/main.bit} [get_hw_devices xc7a100t_0]
program_hw_devices [get_hw_devices xc7a100t_0]
INFO: [Labtools 27-3164] End of startup status: HIGH
refresh_hw_device [lindex [get_hw_devices xc7a100t_0] 0]
INFO: [Labtools 27-1434] Device xc7a100t (JTAG device index = 0) is programmed with a design that has no supported debug core(s) in it.
reset_run synth_1
launch_runs impl_1 -to_step write_bitstream -jobs 4
[Fri Apr 26 21:53:36 2019] Launched synth_1...
Run output will be captured here: S:/CS2204/Car_Dash/Car_Dash/Car_Dash.runs/synth_1/runme.log
[Fri Apr 26 21:53:36 2019] Launched impl_1...
Run output will be captured here: S:/CS2204/Car_Dash/Car_Dash/Car_Dash.runs/impl_1/runme.log
ERROR: [Labtoolstcl 44-513] HW Target shutdown. Closing target: localhost:3121/xilinx_tcf/Digilent/210292709667A
INFO: [Labtoolstcl 44-466] Opening hw_target localhost:3121/xilinx_tcf/Digilent/210292709667A
INFO: [Labtools 27-1435] Device xc7a100t (JTAG device index = 0) is not programmed (DONE status = 0).
WARNING: [Labtoolstcl 44-129] No matching hw_ila_data was found.
set_property PROBES.FILE {} [get_hw_devices xc7a100t_0]
set_property FULL_PROBES.FILE {} [get_hw_devices xc7a100t_0]
set_property PROGRAM.FILE {S:/CS2204/Car_Dash/Car_Dash/Car_Dash.runs/impl_1/main.bit} [get_hw_devices xc7a100t_0]
program_hw_devices [get_hw_devices xc7a100t_0]
INFO: [Labtools 27-3164] End of startup status: HIGH
refresh_hw_device [lindex [get_hw_devices xc7a100t_0] 0]
INFO: [Labtools 27-1434] Device xc7a100t (JTAG device index = 0) is programmed with a design that has no supported debug core(s) in it.
ERROR: [Labtoolstcl 44-513] HW Target shutdown. Closing target: localhost:3121/xilinx_tcf/Digilent/210292709667A
INFO: [Labtoolstcl 44-466] Opening hw_target localhost:3121/xilinx_tcf/Digilent/210292709667A
INFO: [Labtools 27-1435] Device xc7a100t (JTAG device index = 0) is not programmed (DONE status = 0).
WARNING: [Labtoolstcl 44-129] No matching hw_ila_data was found.
reset_run synth_1
launch_runs impl_1 -to_step write_bitstream -jobs 4
[Fri Apr 26 22:08:17 2019] Launched synth_1...
Run output will be captured here: S:/CS2204/Car_Dash/Car_Dash/Car_Dash.runs/synth_1/runme.log
[Fri Apr 26 22:08:17 2019] Launched impl_1...
Run output will be captured here: S:/CS2204/Car_Dash/Car_Dash/Car_Dash.runs/impl_1/runme.log
set_property PROBES.FILE {} [get_hw_devices xc7a100t_0]
set_property FULL_PROBES.FILE {} [get_hw_devices xc7a100t_0]
set_property PROGRAM.FILE {S:/CS2204/Car_Dash/Car_Dash/Car_Dash.runs/impl_1/main.bit} [get_hw_devices xc7a100t_0]
program_hw_devices [get_hw_devices xc7a100t_0]
INFO: [Labtools 27-3164] End of startup status: HIGH
refresh_hw_device [lindex [get_hw_devices xc7a100t_0] 0]
INFO: [Labtools 27-1434] Device xc7a100t (JTAG device index = 0) is programmed with a design that has no supported debug core(s) in it.
ERROR: [Labtoolstcl 44-513] HW Target shutdown. Closing target: localhost:3121/xilinx_tcf/Digilent/210292709667A
exit
INFO: [Common 17-206] Exiting Vivado at Fri Apr 26 22:17:15 2019...
